<?xml version="1.0" encoding="UTF-8"?>
<robot generator="Robot 7.4.2 (Python 3.14.3 on win32)" generated="2026-04-01T15:38:25.763205" rpa="false" schemaversion="5">
<suite id="s1" name="Test1" source="C:\Users\adrin\Downloads\meu_teste.robot\test1.robot">
<test id="s1-t1" name="Caso de teste: Pesquisar Produto na Amazon" line="12">
<kw name="Acessar a página da Amazon">
<kw name="Open Browser" owner="SeleniumLibrary">
<msg time="2026-04-01T15:38:26.104382" level="INFO">Opening browser 'chrome' to base url 'https://www.amazon.com.br'.</msg>
<arg>${URL}</arg>
<arg>browser=${BROWSER}</arg>
<doc>Opens a new browser instance to the optional ``url``.</doc>
<status status="PASS" start="2026-04-01T15:38:26.103903" elapsed="2.473197"/>
</kw>
<kw name="Maximize Browser Window" owner="SeleniumLibrary">
<doc>Maximizes current browser window.</doc>
<status status="PASS" start="2026-04-01T15:38:28.577580" elapsed="0.086533"/>
</kw>
<status status="PASS" start="2026-04-01T15:38:26.102944" elapsed="2.561410"/>
</kw>
<kw name="Pesquisar por &quot;iphone 15&quot;" source_name="Pesquisar por &quot;${PRODUTO}&quot;">
<kw name="Wait Until Element Is Visible" owner="SeleniumLibrary">
<arg>${CAMPO_PESQUISA}</arg>
<arg>timeout=15s</arg>
<doc>Waits until the element ``locator`` is visible.</doc>
<status status="PASS" start="2026-04-01T15:38:28.665871" elapsed="3.690876"/>
</kw>
<kw name="Input Text" owner="SeleniumLibrary">
<msg time="2026-04-01T15:38:32.357586" level="INFO">Typing text 'iphone 15' into text field 'id=twotabsearchtextbox'.</msg>
<arg>${CAMPO_PESQUISA}</arg>
<arg>${PRODUTO}</arg>
<doc>Types the given ``text`` into the text field identified by ``locator``.</doc>
<status status="PASS" start="2026-04-01T15:38:32.357097" elapsed="0.212911"/>
</kw>
<kw name="Click Element" owner="SeleniumLibrary">
<msg time="2026-04-01T15:38:32.571067" level="INFO">Clicking element 'id=nav-search-submit-button'.</msg>
<arg>${BOTAO_PESQUISA}</arg>
<doc>Click the element identified by ``locator``.</doc>
<status status="PASS" start="2026-04-01T15:38:32.570425" elapsed="2.807286"/>
</kw>
<status status="PASS" start="2026-04-01T15:38:28.665106" elapsed="6.712875"/>
</kw>
<kw name="Fechar o navegador" type="TEARDOWN">
<kw name="Capture Page Screenshot" owner="SeleniumLibrary">
<msg time="2026-04-01T15:38:35.632595" level="INFO" html="true">&lt;/td&gt;&lt;/tr&gt;&lt;tr&gt;&lt;td colspan="3"&gt;&lt;a href="selenium-screenshot-5.png"&gt;&lt;img src="selenium-screenshot-5.png" width="800px"&gt;&lt;/a&gt;</msg>
<doc>Takes a screenshot of the current page and embeds it into a log file.</doc>
<status status="PASS" start="2026-04-01T15:38:35.380686" elapsed="0.252139"/>
</kw>
<kw name="Close Browser" owner="SeleniumLibrary">
<doc>Closes the current browser.</doc>
<status status="PASS" start="2026-04-01T15:38:35.633219" elapsed="2.268731"/>
</kw>
<status status="PASS" start="2026-04-01T15:38:35.380029" elapsed="2.522167"/>
</kw>
<doc>Este teste acessa a Amazon e pequisa um produto variável&gt;</doc>
<status status="PASS" start="2026-04-01T15:38:26.101949" elapsed="11.800693"/>
</test>
<test id="s1-t2" name="Caso de teste: Pesquisar Produto na Amazon" line="17">
<kw name="Acessar a página da Amazon">
<kw name="Open Browser" owner="SeleniumLibrary">
<msg time="2026-04-01T15:38:37.906079" level="INFO">Opening browser 'chrome' to base url 'https://www.amazon.com.br'.</msg>
<arg>${URL}</arg>
<arg>browser=${BROWSER}</arg>
<doc>Opens a new browser instance to the optional ``url``.</doc>
<status status="PASS" start="2026-04-01T15:38:37.905570" elapsed="2.401423"/>
</kw>
<kw name="Maximize Browser Window" owner="SeleniumLibrary">
<doc>Maximizes current browser window.</doc>
<status status="PASS" start="2026-04-01T15:38:40.307590" elapsed="0.115896"/>
</kw>
<status status="PASS" start="2026-04-01T15:38:37.904951" elapsed="2.518964"/>
</kw>
<kw name="Pesquisar por &quot;Playstation 5&quot;" source_name="Pesquisar por &quot;${PRODUTO}&quot;">
<kw name="Wait Until Element Is Visible" owner="SeleniumLibrary">
<arg>${CAMPO_PESQUISA}</arg>
<arg>timeout=15s</arg>
<doc>Waits until the element ``locator`` is visible.</doc>
<status status="PASS" start="2026-04-01T15:38:40.425942" elapsed="3.681216"/>
</kw>
<kw name="Input Text" owner="SeleniumLibrary">
<msg time="2026-04-01T15:38:44.108546" level="INFO">Typing text 'Playstation 5' into text field 'id=twotabsearchtextbox'.</msg>
<arg>${CAMPO_PESQUISA}</arg>
<arg>${PRODUTO}</arg>
<doc>Types the given ``text`` into the text field identified by ``locator``.</doc>
<status status="PASS" start="2026-04-01T15:38:44.107751" elapsed="0.469220"/>
</kw>
<kw name="Click Element" owner="SeleniumLibrary">
<msg time="2026-04-01T15:38:44.578365" level="INFO">Clicking element 'id=nav-search-submit-button'.</msg>
<arg>${BOTAO_PESQUISA}</arg>
<doc>Click the element identified by ``locator``.</doc>
<status status="PASS" start="2026-04-01T15:38:44.577514" elapsed="4.044690"/>
</kw>
<status status="PASS" start="2026-04-01T15:38:40.425060" elapsed="8.197582"/>
</kw>
<kw name="Validar o resultado para &quot;Playstation 5&quot;" source_name="Validar o resultado para &quot;${PRODUTO}&quot;">
<kw name="Wait Until Page Contains" owner="SeleniumLibrary">
<arg>resultados para "${PRODUTO}"</arg>
<doc>Waits until ``text`` appears on the current page.</doc>
<status status="PASS" start="2026-04-01T15:38:48.624619" elapsed="0.108603"/>
</kw>
<kw name="Element Should Be Visible" owner="SeleniumLibrary">
<msg time="2026-04-01T15:38:48.943617" level="INFO">Element 'xpath=//span[contains(.,'Playstation 5')]' is displayed.</msg>
<arg>xpath=//span[contains(.,'${PRODUTO}')]</arg>
<doc>Verifies that the element identified by ``locator`` is visible.</doc>
<status status="PASS" start="2026-04-01T15:38:48.733687" elapsed="0.210132"/>
</kw>
<status status="PASS" start="2026-04-01T15:38:48.623755" elapsed="0.320271"/>
</kw>
<kw name="Fechar o navegador" type="TEARDOWN">
<kw name="Capture Page Screenshot" owner="SeleniumLibrary">
<msg time="2026-04-01T15:38:49.373525" level="INFO" html="true">&lt;/td&gt;&lt;/tr&gt;&lt;tr&gt;&lt;td colspan="3"&gt;&lt;a href="selenium-screenshot-6.png"&gt;&lt;img src="selenium-screenshot-6.png" width="800px"&gt;&lt;/a&gt;</msg>
<doc>Takes a screenshot of the current page and embeds it into a log file.</doc>
<status status="PASS" start="2026-04-01T15:38:48.945715" elapsed="0.428109"/>
</kw>
<kw name="Close Browser" owner="SeleniumLibrary">
<doc>Closes the current browser.</doc>
<status status="PASS" start="2026-04-01T15:38:49.374222" elapsed="2.449303"/>
</kw>
<status status="PASS" start="2026-04-01T15:38:48.944999" elapsed="2.878813"/>
</kw>
<status status="PASS" start="2026-04-01T15:38:37.903475" elapsed="13.920965"/>
</test>
<status status="PASS" start="2026-04-01T15:38:25.765813" elapsed="26.060323"/>
</suite>
<statistics>
<total>
<stat pass="2" fail="0" skip="0">All Tests</stat>
</total>
<tag>
</tag>
<suite>
<stat name="Test1" id="s1" pass="2" fail="0" skip="0">Test1</stat>
</suite>
</statistics>
<errors>
<msg time="2026-04-01T15:38:37.903708" level="WARN">Multiple tests with name 'Caso de teste: Pesquisar Produto na Amazon' executed in suite 'Test1'.</msg>
</errors>
</robot>
